<?xml version="1.0" encoding="UTF-8"?>
<testsuite name="com.dukhnai.translationservice.service.impl.TranslationServiceTest" tests="1" skipped="0" failures="0" errors="0" timestamp="2019-03-29T22:06:10" hostname="kate" time="0.1">
  <properties/>
  <testcase name="shouldReturnTextTranslationWhenTextIsPassed" classname="com.dukhnai.translationservice.service.impl.TranslationServiceTest" time="0.1"/>
  <system-out><![CDATA[2019-03-30 01:06:10.663  INFO 21830 --- [    Test worker] .b.t.c.SpringBootTestContextBootstrapper : Neither @ContextConfiguration nor @ContextHierarchy found for test class [com.dukhnai.translationservice.service.impl.TranslationServiceTest], using SpringBootContextLoader
2019-03-30 01:06:10.664  INFO 21830 --- [    Test worker] o.s.t.c.support.AbstractContextLoader    : Could not detect default resource locations for test class [com.dukhnai.translationservice.service.impl.TranslationServiceTest]: no resource found for suffixes {-context.xml, Context.groovy}.
2019-03-30 01:06:10.664  INFO 21830 --- [    Test worker] t.c.s.AnnotationConfigContextLoaderUtils : Could not detect default configuration classes for test class [com.dukhnai.translationservice.service.impl.TranslationServiceTest]: TranslationServiceTest does not declare any static, non-private, non-final, nested classes annotated with @Configuration.
2019-03-30 01:06:10.665  INFO 21830 --- [    Test worker] .b.t.c.SpringBootTestContextBootstrapper : Found @SpringBootConfiguration com.dukhnai.translationservice.TranslationApplication for test class com.dukhnai.translationservice.service.impl.TranslationServiceTest
2019-03-30 01:06:10.666  INFO 21830 --- [    Test worker] .b.t.c.SpringBootTestContextBootstrapper : Loaded default TestExecutionListener class names from location [META-INF/spring.factories]: [org.springframework.boot.test.autoconfigure.restdocs.RestDocsTestExecutionListener, org.springframework.boot.test.autoconfigure.web.client.MockRestServiceServerResetTestExecutionListener, org.springframework.boot.test.autoconfigure.web.servlet.MockMvcPrintOnlyOnFailureTestExecutionListener, org.springframework.boot.test.autoconfigure.web.servlet.WebDriverTestExecutionListener, org.springframework.boot.test.mock.mockito.MockitoTestExecutionListener, org.springframework.boot.test.mock.mockito.ResetMocksTestExecutionListener, org.springframework.test.context.web.ServletTestExecutionListener, org.springframework.test.context.support.DirtiesContextBeforeModesTestExecutionListener, org.springframework.test.context.support.DependencyInjectionTestExecutionListener, org.springframework.test.context.support.DirtiesContextTestExecutionListener, org.springframework.test.context.transaction.TransactionalTestExecutionListener, org.springframework.test.context.jdbc.SqlScriptsTestExecutionListener]
2019-03-30 01:06:10.666  INFO 21830 --- [    Test worker] .b.t.c.SpringBootTestContextBootstrapper : Using TestExecutionListeners: [org.springframework.test.context.web.ServletTestExecutionListener@63712333, org.springframework.test.context.support.DirtiesContextBeforeModesTestExecutionListener@dfe4830, org.springframework.boot.test.mock.mockito.MockitoTestExecutionListener@3b12bfeb, org.springframework.boot.test.autoconfigure.SpringBootDependencyInjectionTestExecutionListener@339fc1c4, org.springframework.test.context.support.DirtiesContextTestExecutionListener@591d143f, org.springframework.test.context.transaction.TransactionalTestExecutionListener@26dd78e4, org.springframework.test.context.jdbc.SqlScriptsTestExecutionListener@89e6633, org.springframework.boot.test.autoconfigure.restdocs.RestDocsTestExecutionListener@45c21705, org.springframework.boot.test.autoconfigure.web.client.MockRestServiceServerResetTestExecutionListener@744f5f6e, org.springframework.boot.test.autoconfigure.web.servlet.MockMvcPrintOnlyOnFailureTestExecutionListener@3918035b, org.springframework.boot.test.autoconfigure.web.servlet.WebDriverTestExecutionListener@424c45b5, org.springframework.boot.test.mock.mockito.ResetMocksTestExecutionListener@17e308c6]
]]></system-out>
  <system-err><![CDATA[]]></system-err>
</testsuite>
