<?xml version="1.0" encoding="UTF-8"?>
<testsuite name="com.dukhnai.translationservice.service.impl.RequestServiceImplTest" tests="2" skipped="0" failures="0" errors="0" timestamp="2019-03-29T22:06:10" hostname="kate" time="0.008">
  <properties/>
  <testcase name="shouldFindRequestWhenRequestIsAlreadyStored" classname="com.dukhnai.translationservice.service.impl.RequestServiceImplTest" time="0.005"/>
  <testcase name="shouldThrowWhenRequestIsNotStored" classname="com.dukhnai.translationservice.service.impl.RequestServiceImplTest" time="0.002"/>
  <system-out><![CDATA[2019-03-30 01:06:10.122  INFO 21830 --- [    Test worker] .b.t.c.SpringBootTestContextBootstrapper : Neither @ContextConfiguration nor @ContextHierarchy found for test class [com.dukhnai.translationservice.service.impl.RequestServiceImplTest], using SpringBootContextLoader
2019-03-30 01:06:10.123  INFO 21830 --- [    Test worker] o.s.t.c.support.AbstractContextLoader    : Could not detect default resource locations for test class [com.dukhnai.translationservice.service.impl.RequestServiceImplTest]: no resource found for suffixes {-context.xml, Context.groovy}.
2019-03-30 01:06:10.123  INFO 21830 --- [    Test worker] t.c.s.AnnotationConfigContextLoaderUtils : Could not detect default configuration classes for test class [com.dukhnai.translationservice.service.impl.RequestServiceImplTest]: RequestServiceImplTest does not declare any static, non-private, non-final, nested classes annotated with @Configuration.
2019-03-30 01:06:10.129  INFO 21830 --- [    Test worker] .b.t.c.SpringBootTestContextBootstrapper : Found @SpringBootConfiguration com.dukhnai.translationservice.TranslationApplication for test class com.dukhnai.translationservice.service.impl.RequestServiceImplTest
2019-03-30 01:06:10.130  INFO 21830 --- [    Test worker] .b.t.c.SpringBootTestContextBootstrapper : Loaded default TestExecutionListener class names from location [META-INF/spring.factories]: [org.springframework.boot.test.autoconfigure.restdocs.RestDocsTestExecutionListener, org.springframework.boot.test.autoconfigure.web.client.MockRestServiceServerResetTestExecutionListener, org.springframework.boot.test.autoconfigure.web.servlet.MockMvcPrintOnlyOnFailureTestExecutionListener, org.springframework.boot.test.autoconfigure.web.servlet.WebDriverTestExecutionListener, org.springframework.boot.test.mock.mockito.MockitoTestExecutionListener, org.springframework.boot.test.mock.mockito.ResetMocksTestExecutionListener, org.springframework.test.context.web.ServletTestExecutionListener, org.springframework.test.context.support.DirtiesContextBeforeModesTestExecutionListener, org.springframework.test.context.support.DependencyInjectionTestExecutionListener, org.springframework.test.context.support.DirtiesContextTestExecutionListener, org.springframework.test.context.transaction.TransactionalTestExecutionListener, org.springframework.test.context.jdbc.SqlScriptsTestExecutionListener]
2019-03-30 01:06:10.131  INFO 21830 --- [    Test worker] .b.t.c.SpringBootTestContextBootstrapper : Using TestExecutionListeners: [org.springframework.test.context.web.ServletTestExecutionListener@8ea0f04, org.springframework.test.context.support.DirtiesContextBeforeModesTestExecutionListener@12e3722d, org.springframework.boot.test.mock.mockito.MockitoTestExecutionListener@6e14d632, org.springframework.boot.test.autoconfigure.SpringBootDependencyInjectionTestExecutionListener@7757480e, org.springframework.test.context.support.DirtiesContextTestExecutionListener@2f9dfbcf, org.springframework.test.context.transaction.TransactionalTestExecutionListener@2666960b, org.springframework.test.context.jdbc.SqlScriptsTestExecutionListener@6e8b61b3, org.springframework.boot.test.autoconfigure.restdocs.RestDocsTestExecutionListener@23515354, org.springframework.boot.test.autoconfigure.web.client.MockRestServiceServerResetTestExecutionListener@63d29772, org.springframework.boot.test.autoconfigure.web.servlet.MockMvcPrintOnlyOnFailureTestExecutionListener@719693cd, org.springframework.boot.test.autoconfigure.web.servlet.WebDriverTestExecutionListener@44a5e2b5, org.springframework.boot.test.mock.mockito.ResetMocksTestExecutionListener@6dc7c286]

  .   ____          _            __ _ _
 /\\ / ___'_ __ _ _(_)_ __  __ _ \ \ \ \
( ( )\___ | '_ | '_| | '_ \/ _` | \ \ \ \
 \\/  ___)| |_)| | | | | || (_| |  ) ) ) )
  '  |____| .__|_| |_|_| |_\__, | / / / /
 =========|_|==============|___/=/_/_/_/
 :: Spring Boot ::        (v2.0.5.RELEASE)

2019-03-30 01:06:10.146  WARN 21830 --- [    Test worker] ory$DuplicateJsonObjectContextCustomizer : 

Found multiple occurrences of org.json.JSONObject on the class path:

	jar:file:/home/kate/.gradle/caches/modules-2/files-2.1/org.json/json/20180813/8566b2b0391d9d4479ea225645c6ed47ef17fe41/json-20180813.jar!/org/json/JSONObject.class
	jar:file:/home/kate/.gradle/caches/modules-2/files-2.1/com.vaadin.external.google/android-json/0.0.20131108.vaadin1/fa26d351fe62a6a17f5cda1287c1c6110dec413f/android-json-0.0.20131108.vaadin1.jar!/org/json/JSONObject.class

You may wish to exclude one of them to ensure predictable runtime behavior

2019-03-30 01:06:10.149  INFO 21830 --- [    Test worker] c.d.t.s.impl.RequestServiceImplTest      : Starting RequestServiceImplTest on kate with PID 21830 (started by kate in /home/kate/IdeaProjects/translation-rest-service)
2019-03-30 01:06:10.149  INFO 21830 --- [    Test worker] c.d.t.s.impl.RequestServiceImplTest      : No active profile set, falling back to default profiles: default
2019-03-30 01:06:10.151  INFO 21830 --- [    Test worker] o.s.w.c.s.GenericWebApplicationContext   : Refreshing org.springframework.web.context.support.GenericWebApplicationContext@26788a32: startup date [Sat Mar 30 01:06:10 MSK 2019]; root of context hierarchy
2019-03-30 01:06:10.332  INFO 21830 --- [    Test worker] o.s.j.d.DriverManagerDataSource          : Loaded JDBC driver: org.h2.Driver
2019-03-30 01:06:10.442  INFO 21830 --- [    Test worker] o.s.w.s.handler.SimpleUrlHandlerMapping  : Mapped URL path [/**/favicon.ico] onto handler of type [class org.springframework.web.servlet.resource.ResourceHttpRequestHandler]
2019-03-30 01:06:10.503  INFO 21830 --- [    Test worker] s.w.s.m.m.a.RequestMappingHandlerAdapter : Looking for @ControllerAdvice: org.springframework.web.context.support.GenericWebApplicationContext@26788a32: startup date [Sat Mar 30 01:06:10 MSK 2019]; root of context hierarchy
2019-03-30 01:06:10.513  INFO 21830 --- [    Test worker] s.w.s.m.m.a.RequestMappingHandlerMapping : Mapped "{[/translate],methods=[POST]}" onto public java.lang.String com.dukhnai.translationservice.controller.TranslationController.processTextTranslation(com.dukhnai.translationservice.dto.TextForTranslation)
2019-03-30 01:06:10.516  INFO 21830 --- [    Test worker] s.w.s.m.m.a.RequestMappingHandlerMapping : Mapped "{[/error],produces=[text/html]}" onto public org.springframework.web.servlet.ModelAndView org.springframework.boot.autoconfigure.web.servlet.error.BasicErrorController.errorHtml(javax.servlet.http.HttpServletRequest,javax.servlet.http.HttpServletResponse)
2019-03-30 01:06:10.517  INFO 21830 --- [    Test worker] s.w.s.m.m.a.RequestMappingHandlerMapping : Mapped "{[/error]}" onto public org.springframework.http.ResponseEntity<java.util.Map<java.lang.String, java.lang.Object>> org.springframework.boot.autoconfigure.web.servlet.error.BasicErrorController.error(javax.servlet.http.HttpServletRequest)
2019-03-30 01:06:10.529  INFO 21830 --- [    Test worker] o.s.w.s.handler.SimpleUrlHandlerMapping  : Mapped URL path [/webjars/**] onto handler of type [class org.springframework.web.servlet.resource.ResourceHttpRequestHandler]
2019-03-30 01:06:10.529  INFO 21830 --- [    Test worker] o.s.w.s.handler.SimpleUrlHandlerMapping  : Mapped URL path [/**] onto handler of type [class org.springframework.web.servlet.resource.ResourceHttpRequestHandler]
2019-03-30 01:06:10.651  INFO 21830 --- [    Test worker] c.d.t.s.impl.RequestServiceImplTest      : Started RequestServiceImplTest in 0.519 seconds (JVM running for 4.971)
]]></system-out>
  <system-err><![CDATA[]]></system-err>
</testsuite>
