<?xml version="1.0" encoding="UTF-8"?>
<testsuite name="com.dukhnai.translationservice.repository.impl.RequestRepositoryImplTest" tests="1" skipped="0" failures="0" errors="0" timestamp="2019-03-29T22:06:10" hostname="kate" time="0.04">
  <properties/>
  <testcase name="shouldFindSavedRequestWhenRequestIsPersisted" classname="com.dukhnai.translationservice.repository.impl.RequestRepositoryImplTest" time="0.04"/>
  <system-out><![CDATA[2019-03-30 01:06:09.830  INFO 21830 --- [    Test worker] .b.t.c.SpringBootTestContextBootstrapper : Neither @ContextConfiguration nor @ContextHierarchy found for test class [com.dukhnai.translationservice.repository.impl.RequestRepositoryImplTest], using SpringBootContextLoader
2019-03-30 01:06:09.830  INFO 21830 --- [    Test worker] o.s.t.c.support.AbstractContextLoader    : Could not detect default resource locations for test class [com.dukhnai.translationservice.repository.impl.RequestRepositoryImplTest]: no resource found for suffixes {-context.xml, Context.groovy}.
2019-03-30 01:06:09.831  INFO 21830 --- [    Test worker] t.c.s.AnnotationConfigContextLoaderUtils : Could not detect default configuration classes for test class [com.dukhnai.translationservice.repository.impl.RequestRepositoryImplTest]: RequestRepositoryImplTest does not declare any static, non-private, non-final, nested classes annotated with @Configuration.
2019-03-30 01:06:09.853  INFO 21830 --- [    Test worker] .b.t.c.SpringBootTestContextBootstrapper : Found @SpringBootConfiguration com.dukhnai.translationservice.TranslationApplication for test class com.dukhnai.translationservice.repository.impl.RequestRepositoryImplTest
2019-03-30 01:06:09.854  INFO 21830 --- [    Test worker] .b.t.c.SpringBootTestContextBootstrapper : Loaded default TestExecutionListener class names from location [META-INF/spring.factories]: [org.springframework.boot.test.autoconfigure.restdocs.RestDocsTestExecutionListener, org.springframework.boot.test.autoconfigure.web.client.MockRestServiceServerResetTestExecutionListener, org.springframework.boot.test.autoconfigure.web.servlet.MockMvcPrintOnlyOnFailureTestExecutionListener, org.springframework.boot.test.autoconfigure.web.servlet.WebDriverTestExecutionListener, org.springframework.boot.test.mock.mockito.MockitoTestExecutionListener, org.springframework.boot.test.mock.mockito.ResetMocksTestExecutionListener, org.springframework.test.context.web.ServletTestExecutionListener, org.springframework.test.context.support.DirtiesContextBeforeModesTestExecutionListener, org.springframework.test.context.support.DependencyInjectionTestExecutionListener, org.springframework.test.context.support.DirtiesContextTestExecutionListener, org.springframework.test.context.transaction.TransactionalTestExecutionListener, org.springframework.test.context.jdbc.SqlScriptsTestExecutionListener]
2019-03-30 01:06:09.854  INFO 21830 --- [    Test worker] .b.t.c.SpringBootTestContextBootstrapper : Using TestExecutionListeners: [org.springframework.test.context.web.ServletTestExecutionListener@35dfe32b, org.springframework.test.context.support.DirtiesContextBeforeModesTestExecutionListener@54606c57, org.springframework.boot.test.mock.mockito.MockitoTestExecutionListener@146b101c, org.springframework.boot.test.autoconfigure.SpringBootDependencyInjectionTestExecutionListener@4c09c63b, org.springframework.test.context.support.DirtiesContextTestExecutionListener@605a22a, org.springframework.test.context.transaction.TransactionalTestExecutionListener@51507469, org.springframework.test.context.jdbc.SqlScriptsTestExecutionListener@1d7765af, org.springframework.boot.test.autoconfigure.restdocs.RestDocsTestExecutionListener@1fcd5024, org.springframework.boot.test.autoconfigure.web.client.MockRestServiceServerResetTestExecutionListener@34f2b505, org.springframework.boot.test.autoconfigure.web.servlet.MockMvcPrintOnlyOnFailureTestExecutionListener@66d37cce, org.springframework.boot.test.autoconfigure.web.servlet.WebDriverTestExecutionListener@40af27a6, org.springframework.boot.test.mock.mockito.ResetMocksTestExecutionListener@359603e7]

  .   ____          _            __ _ _
 /\\ / ___'_ __ _ _(_)_ __  __ _ \ \ \ \
( ( )\___ | '_ | '_| | '_ \/ _` | \ \ \ \
 \\/  ___)| |_)| | | | | || (_| |  ) ) ) )
  '  |____| .__|_| |_|_| |_\__, | / / / /
 =========|_|==============|___/=/_/_/_/
 :: Spring Boot ::        (v2.0.5.RELEASE)

2019-03-30 01:06:09.879  WARN 21830 --- [    Test worker] ory$DuplicateJsonObjectContextCustomizer : 

Found multiple occurrences of org.json.JSONObject on the class path:

	jar:file:/home/kate/.gradle/caches/modules-2/files-2.1/org.json/json/20180813/8566b2b0391d9d4479ea225645c6ed47ef17fe41/json-20180813.jar!/org/json/JSONObject.class
	jar:file:/home/kate/.gradle/caches/modules-2/files-2.1/com.vaadin.external.google/android-json/0.0.20131108.vaadin1/fa26d351fe62a6a17f5cda1287c1c6110dec413f/android-json-0.0.20131108.vaadin1.jar!/org/json/JSONObject.class

You may wish to exclude one of them to ensure predictable runtime behavior

2019-03-30 01:06:09.880  INFO 21830 --- [    Test worker] c.d.t.r.impl.RequestRepositoryImplTest   : Starting RequestRepositoryImplTest on kate with PID 21830 (started by kate in /home/kate/IdeaProjects/translation-rest-service)
2019-03-30 01:06:09.881  INFO 21830 --- [    Test worker] c.d.t.r.impl.RequestRepositoryImplTest   : No active profile set, falling back to default profiles: default
2019-03-30 01:06:09.883  INFO 21830 --- [    Test worker] s.c.a.AnnotationConfigApplicationContext : Refreshing org.springframework.context.annotation.AnnotationConfigApplicationContext@e40103d: startup date [Sat Mar 30 01:06:09 MSK 2019]; root of context hierarchy
2019-03-30 01:06:09.955  INFO 21830 --- [    Test worker] beddedDataSourceBeanFactoryPostProcessor : Replacing 'dataSource' DataSource bean with embedded version
2019-03-30 01:06:09.956  INFO 21830 --- [    Test worker] o.s.b.f.s.DefaultListableBeanFactory     : Overriding bean definition for bean 'dataSource' with a different definition: replacing [Root bean: class [null]; scope=; abstract=false; lazyInit=false; autowireMode=3; dependencyCheck=0; autowireCandidate=true; primary=false; factoryBeanName=org.springframework.boot.autoconfigure.jdbc.EmbeddedDataSourceConfiguration; factoryMethodName=dataSource; initMethodName=null; destroyMethodName=(inferred); defined in class path resource [org/springframework/boot/autoconfigure/jdbc/EmbeddedDataSourceConfiguration.class]] with [Root bean: class [org.springframework.boot.test.autoconfigure.jdbc.TestDatabaseAutoConfiguration$EmbeddedDataSourceFactoryBean]; scope=; abstract=false; lazyInit=false; autowireMode=0; dependencyCheck=0; autowireCandidate=true; primary=false; factoryBeanName=null; factoryMethodName=null; initMethodName=null; destroyMethodName=null]
2019-03-30 01:06:10.003  INFO 21830 --- [    Test worker] o.s.j.d.e.EmbeddedDatabaseFactory        : Starting embedded database: url='jdbc:h2:mem:70116845-eae8-450a-81e9-b3a9c9ab9474;DB_CLOSE_DELAY=-1;DB_CLOSE_ON_EXIT=false', username='sa'
2019-03-30 01:06:10.071  INFO 21830 --- [    Test worker] c.d.t.r.impl.RequestRepositoryImplTest   : Started RequestRepositoryImplTest in 0.215 seconds (JVM running for 4.391)
2019-03-30 01:06:10.088  INFO 21830 --- [    Test worker] o.s.t.c.transaction.TransactionContext   : Began transaction (1) for test context [DefaultTestContext@3528282 testClass = RequestRepositoryImplTest, testInstance = com.dukhnai.translationservice.repository.impl.RequestRepositoryImplTest@5f299762, testMethod = shouldFindSavedRequestWhenRequestIsPersisted@RequestRepositoryImplTest, testException = [null], mergedContextConfiguration = [MergedContextConfiguration@300fc769 testClass = RequestRepositoryImplTest, locations = '{}', classes = '{class com.dukhnai.translationservice.TranslationApplication}', contextInitializerClasses = '[]', activeProfiles = '{}', propertySourceLocations = '{}', propertySourceProperties = '{org.springframework.boot.test.context.SpringBootTestContextBootstrapper=true}', contextCustomizers = set[org.springframework.boot.test.autoconfigure.OverrideAutoConfigurationContextCustomizerFactory$DisableAutoConfigurationContextCustomizer@438b4e83, org.springframework.boot.test.autoconfigure.filter.TypeExcludeFiltersContextCustomizer@351584c0, org.springframework.boot.test.autoconfigure.properties.PropertyMappingContextCustomizer@49c93f52, org.springframework.boot.test.autoconfigure.web.servlet.WebDriverContextCustomizerFactory$Customizer@6f5c4ac5, [ImportsContextCustomizer@50dff40a key = [org.springframework.boot.autoconfigure.cache.CacheAutoConfiguration, org.springframework.boot.autoconfigure.flyway.FlywayAutoConfiguration, org.springframework.boot.autoconfigure.jdbc.DataSourceAutoConfiguration, org.springframework.boot.autoconfigure.jdbc.DataSourceTransactionManagerAutoConfiguration, org.springframework.boot.autoconfigure.jdbc.JdbcTemplateAutoConfiguration, org.springframework.boot.autoconfigure.liquibase.LiquibaseAutoConfiguration, org.springframework.boot.autoconfigure.transaction.TransactionAutoConfiguration, org.springframework.boot.test.autoconfigure.jdbc.TestDatabaseAutoConfiguration]], org.springframework.boot.test.context.filter.ExcludeFilterContextCustomizer@65e75a80, org.springframework.boot.test.json.DuplicateJsonObjectContextCustomizerFactory$DuplicateJsonObjectContextCustomizer@24791037, org.springframework.boot.test.mock.mockito.MockitoContextCustomizer@0], contextLoader = 'org.springframework.boot.test.context.SpringBootContextLoader', parent = [null]], attributes = map[[empty]]]; transaction manager [org.springframework.jdbc.datasource.DataSourceTransactionManager@470e3a01]; rollback [true]
2019-03-30 01:06:10.119  INFO 21830 --- [    Test worker] o.s.t.c.transaction.TransactionContext   : Rolled back transaction for test: [DefaultTestContext@3528282 testClass = RequestRepositoryImplTest, testInstance = com.dukhnai.translationservice.repository.impl.RequestRepositoryImplTest@5f299762, testMethod = shouldFindSavedRequestWhenRequestIsPersisted@RequestRepositoryImplTest, testException = [null], mergedContextConfiguration = [MergedContextConfiguration@300fc769 testClass = RequestRepositoryImplTest, locations = '{}', classes = '{class com.dukhnai.translationservice.TranslationApplication}', contextInitializerClasses = '[]', activeProfiles = '{}', propertySourceLocations = '{}', propertySourceProperties = '{org.springframework.boot.test.context.SpringBootTestContextBootstrapper=true}', contextCustomizers = set[org.springframework.boot.test.autoconfigure.OverrideAutoConfigurationContextCustomizerFactory$DisableAutoConfigurationContextCustomizer@438b4e83, org.springframework.boot.test.autoconfigure.filter.TypeExcludeFiltersContextCustomizer@351584c0, org.springframework.boot.test.autoconfigure.properties.PropertyMappingContextCustomizer@49c93f52, org.springframework.boot.test.autoconfigure.web.servlet.WebDriverContextCustomizerFactory$Customizer@6f5c4ac5, [ImportsContextCustomizer@50dff40a key = [org.springframework.boot.autoconfigure.cache.CacheAutoConfiguration, org.springframework.boot.autoconfigure.flyway.FlywayAutoConfiguration, org.springframework.boot.autoconfigure.jdbc.DataSourceAutoConfiguration, org.springframework.boot.autoconfigure.jdbc.DataSourceTransactionManagerAutoConfiguration, org.springframework.boot.autoconfigure.jdbc.JdbcTemplateAutoConfiguration, org.springframework.boot.autoconfigure.liquibase.LiquibaseAutoConfiguration, org.springframework.boot.autoconfigure.transaction.TransactionAutoConfiguration, org.springframework.boot.test.autoconfigure.jdbc.TestDatabaseAutoConfiguration]], org.springframework.boot.test.context.filter.ExcludeFilterContextCustomizer@65e75a80, org.springframework.boot.test.json.DuplicateJsonObjectContextCustomizerFactory$DuplicateJsonObjectContextCustomizer@24791037, org.springframework.boot.test.mock.mockito.MockitoContextCustomizer@0], contextLoader = 'org.springframework.boot.test.context.SpringBootContextLoader', parent = [null]], attributes = map[[empty]]]
]]></system-out>
  <system-err><![CDATA[]]></system-err>
</testsuite>
